2024-03-06 09:32:12,277:WARNING:
'cuml' is a soft dependency and not included in the pycaret installation. Please run: `pip install cuml` to install.
2024-03-06 09:32:12,277:WARNING:
'cuml' is a soft dependency and not included in the pycaret installation. Please run: `pip install cuml` to install.
2024-03-06 09:32:12,277:WARNING:
'cuml' is a soft dependency and not included in the pycaret installation. Please run: `pip install cuml` to install.
2024-03-06 09:32:12,277:WARNING:
'cuml' is a soft dependency and not included in the pycaret installation. Please run: `pip install cuml` to install.
2024-03-06 09:32:12,513:INFO:PyCaret RegressionExperiment
2024-03-06 09:32:12,514:INFO:Logging name: reg-default-name
2024-03-06 09:32:12,514:INFO:ML Usecase: MLUsecase.REGRESSION
2024-03-06 09:32:12,514:INFO:version 3.3.0
2024-03-06 09:32:12,514:INFO:Initializing setup()
2024-03-06 09:32:12,514:INFO:self.USI: 3180
2024-03-06 09:32:12,515:INFO:self._variable_keys: {'idx', 'log_plots_param', 'X_test', 'seed', 'logging_param', 'X', 'y', 'memory', 'transform_target_param', 'gpu_n_jobs_param', 'X_train', 'pipeline', 'gpu_param', 'fold_generator', 'fold_groups_param', 'fold_shuffle_param', 'y_test', 'target_param', 'y_train', '_available_plots', 'html_param', 'exp_id', 'exp_name_log', '_ml_usecase', 'data', 'USI', 'n_jobs_param'}
2024-03-06 09:32:12,515:INFO:Checking environment
2024-03-06 09:32:12,515:INFO:python_version: 3.11.4
2024-03-06 09:32:12,515:INFO:python_build: ('tags/v3.11.4:d2340ef', 'Jun  7 2023 05:45:37')
2024-03-06 09:32:12,515:INFO:machine: AMD64
2024-03-06 09:32:12,515:INFO:platform: Windows-10-10.0.22631-SP0
2024-03-06 09:32:12,520:INFO:Memory: svmem(total=7866179584, available=1575436288, percent=80.0, used=6290743296, free=1575436288)
2024-03-06 09:32:12,520:INFO:Physical Core: 8
2024-03-06 09:32:12,520:INFO:Logical Core: 16
2024-03-06 09:32:12,520:INFO:Checking libraries
2024-03-06 09:32:12,520:INFO:System:
2024-03-06 09:32:12,520:INFO:    python: 3.11.4 (tags/v3.11.4:d2340ef, Jun  7 2023, 05:45:37) [MSC v.1934 64 bit (AMD64)]
2024-03-06 09:32:12,520:INFO:executable: c:\Users\HP\Desktop\code\code\PM2.5\venv\Scripts\python.exe
2024-03-06 09:32:12,520:INFO:   machine: Windows-10-10.0.22631-SP0
2024-03-06 09:32:12,521:INFO:PyCaret required dependencies:
2024-03-06 09:32:12,551:INFO:                 pip: 23.1.2
2024-03-06 09:32:12,551:INFO:          setuptools: 65.5.0
2024-03-06 09:32:12,551:INFO:             pycaret: 3.3.0
2024-03-06 09:32:12,551:INFO:             IPython: 8.22.1
2024-03-06 09:32:12,551:INFO:          ipywidgets: 8.1.2
2024-03-06 09:32:12,551:INFO:                tqdm: 4.66.2
2024-03-06 09:32:12,551:INFO:               numpy: 1.26.4
2024-03-06 09:32:12,551:INFO:              pandas: 2.1.4
2024-03-06 09:32:12,551:INFO:              jinja2: 3.1.3
2024-03-06 09:32:12,551:INFO:               scipy: 1.11.4
2024-03-06 09:32:12,551:INFO:              joblib: 1.3.2
2024-03-06 09:32:12,551:INFO:             sklearn: 1.4.1.post1
2024-03-06 09:32:12,551:INFO:                pyod: 1.1.3
2024-03-06 09:32:12,551:INFO:            imblearn: 0.12.0
2024-03-06 09:32:12,551:INFO:   category_encoders: 2.6.3
2024-03-06 09:32:12,551:INFO:            lightgbm: 4.3.0
2024-03-06 09:32:12,552:INFO:               numba: 0.59.0
2024-03-06 09:32:12,552:INFO:            requests: 2.31.0
2024-03-06 09:32:12,552:INFO:          matplotlib: 3.7.5
2024-03-06 09:32:12,552:INFO:          scikitplot: 0.3.7
2024-03-06 09:32:12,552:INFO:         yellowbrick: 1.5
2024-03-06 09:32:12,552:INFO:              plotly: 5.19.0
2024-03-06 09:32:12,552:INFO:    plotly-resampler: Not installed
2024-03-06 09:32:12,552:INFO:             kaleido: 0.2.1
2024-03-06 09:32:12,552:INFO:           schemdraw: 0.15
2024-03-06 09:32:12,552:INFO:         statsmodels: 0.14.1
2024-03-06 09:32:12,552:INFO:              sktime: 0.27.0
2024-03-06 09:32:12,552:INFO:               tbats: 1.1.3
2024-03-06 09:32:12,552:INFO:            pmdarima: 2.0.4
2024-03-06 09:32:12,552:INFO:              psutil: 5.9.8
2024-03-06 09:32:12,552:INFO:          markupsafe: 2.1.5
2024-03-06 09:32:12,552:INFO:             pickle5: Not installed
2024-03-06 09:32:12,552:INFO:         cloudpickle: 3.0.0
2024-03-06 09:32:12,552:INFO:         deprecation: 2.1.0
2024-03-06 09:32:12,552:INFO:              xxhash: 3.4.1
2024-03-06 09:32:12,552:INFO:           wurlitzer: Not installed
2024-03-06 09:32:12,552:INFO:PyCaret optional dependencies:
2024-03-06 09:32:12,561:INFO:                shap: Not installed
2024-03-06 09:32:12,561:INFO:           interpret: Not installed
2024-03-06 09:32:12,561:INFO:                umap: Not installed
2024-03-06 09:32:12,561:INFO:     ydata_profiling: Not installed
2024-03-06 09:32:12,561:INFO:  explainerdashboard: Not installed
2024-03-06 09:32:12,561:INFO:             autoviz: Not installed
2024-03-06 09:32:12,561:INFO:           fairlearn: Not installed
2024-03-06 09:32:12,562:INFO:          deepchecks: Not installed
2024-03-06 09:32:12,562:INFO:             xgboost: Not installed
2024-03-06 09:32:12,562:INFO:            catboost: Not installed
2024-03-06 09:32:12,562:INFO:              kmodes: Not installed
2024-03-06 09:32:12,562:INFO:             mlxtend: Not installed
2024-03-06 09:32:12,562:INFO:       statsforecast: Not installed
2024-03-06 09:32:12,562:INFO:        tune_sklearn: Not installed
2024-03-06 09:32:12,562:INFO:                 ray: Not installed
2024-03-06 09:32:12,562:INFO:            hyperopt: Not installed
2024-03-06 09:32:12,562:INFO:              optuna: Not installed
2024-03-06 09:32:12,562:INFO:               skopt: Not installed
2024-03-06 09:32:12,562:INFO:              mlflow: Not installed
2024-03-06 09:32:12,562:INFO:              gradio: Not installed
2024-03-06 09:32:12,562:INFO:             fastapi: Not installed
2024-03-06 09:32:12,562:INFO:             uvicorn: Not installed
2024-03-06 09:32:12,562:INFO:              m2cgen: Not installed
2024-03-06 09:32:12,562:INFO:           evidently: Not installed
2024-03-06 09:32:12,562:INFO:               fugue: Not installed
2024-03-06 09:32:12,562:INFO:           streamlit: Not installed
2024-03-06 09:32:12,562:INFO:             prophet: Not installed
2024-03-06 09:32:12,562:INFO:None
2024-03-06 09:32:12,562:INFO:Set up data.
2024-03-06 09:32:12,568:INFO:Set up folding strategy.
2024-03-06 09:32:12,568:INFO:Set up train/test split.
2024-03-06 09:32:12,578:INFO:Set up index.
2024-03-06 09:32:12,578:INFO:Assigning column types.
2024-03-06 09:32:12,581:INFO:Engine successfully changes for model 'lr' to 'sklearn'.
2024-03-06 09:32:12,581:INFO:Engine for model 'lasso' has not been set explicitly, hence returning None.
2024-03-06 09:32:12,586:INFO:Engine for model 'ridge' has not been set explicitly, hence returning None.
2024-03-06 09:32:12,590:INFO:Engine for model 'en' has not been set explicitly, hence returning None.
2024-03-06 09:32:12,650:INFO:Engine for model 'svm' has not been set explicitly, hence returning None.
2024-03-06 09:32:12,697:INFO:Engine for model 'knn' has not been set explicitly, hence returning None.
2024-03-06 09:32:12,697:WARNING:
'xgboost' is a soft dependency and not included in the pycaret installation. Please run: `pip install xgboost` to install.
Alternately, you can install this by running `pip install pycaret[models]`
2024-03-06 09:32:12,697:WARNING:
'catboost' is a soft dependency and not included in the pycaret installation. Please run: `pip install catboost` to install.
Alternately, you can install this by running `pip install pycaret[models]`
2024-03-06 09:32:12,698:INFO:Engine for model 'lasso' has not been set explicitly, hence returning None.
2024-03-06 09:32:12,704:INFO:Engine for model 'ridge' has not been set explicitly, hence returning None.
2024-03-06 09:32:12,708:INFO:Engine for model 'en' has not been set explicitly, hence returning None.
2024-03-06 09:32:12,768:INFO:Engine for model 'svm' has not been set explicitly, hence returning None.
2024-03-06 09:32:12,813:INFO:Engine for model 'knn' has not been set explicitly, hence returning None.
2024-03-06 09:32:12,813:WARNING:
'xgboost' is a soft dependency and not included in the pycaret installation. Please run: `pip install xgboost` to install.
Alternately, you can install this by running `pip install pycaret[models]`
2024-03-06 09:32:12,813:WARNING:
'catboost' is a soft dependency and not included in the pycaret installation. Please run: `pip install catboost` to install.
Alternately, you can install this by running `pip install pycaret[models]`
2024-03-06 09:32:12,813:INFO:Engine successfully changes for model 'lasso' to 'sklearn'.
2024-03-06 09:32:12,819:INFO:Engine for model 'ridge' has not been set explicitly, hence returning None.
2024-03-06 09:32:12,824:INFO:Engine for model 'en' has not been set explicitly, hence returning None.
2024-03-06 09:32:12,882:INFO:Engine for model 'svm' has not been set explicitly, hence returning None.
2024-03-06 09:32:12,928:INFO:Engine for model 'knn' has not been set explicitly, hence returning None.
2024-03-06 09:32:12,929:WARNING:
'xgboost' is a soft dependency and not included in the pycaret installation. Please run: `pip install xgboost` to install.
Alternately, you can install this by running `pip install pycaret[models]`
2024-03-06 09:32:12,929:WARNING:
'catboost' is a soft dependency and not included in the pycaret installation. Please run: `pip install catboost` to install.
Alternately, you can install this by running `pip install pycaret[models]`
2024-03-06 09:32:12,933:INFO:Engine for model 'ridge' has not been set explicitly, hence returning None.
2024-03-06 09:32:12,938:INFO:Engine for model 'en' has not been set explicitly, hence returning None.
2024-03-06 09:32:12,999:INFO:Engine for model 'svm' has not been set explicitly, hence returning None.
2024-03-06 09:32:13,044:INFO:Engine for model 'knn' has not been set explicitly, hence returning None.
2024-03-06 09:32:13,122:WARNING:
'xgboost' is a soft dependency and not included in the pycaret installation. Please run: `pip install xgboost` to install.
Alternately, you can install this by running `pip install pycaret[models]`
2024-03-06 09:32:13,123:WARNING:
'catboost' is a soft dependency and not included in the pycaret installation. Please run: `pip install catboost` to install.
Alternately, you can install this by running `pip install pycaret[models]`
2024-03-06 09:32:13,123:INFO:Engine successfully changes for model 'ridge' to 'sklearn'.
2024-03-06 09:32:13,131:INFO:Engine for model 'en' has not been set explicitly, hence returning None.
2024-03-06 09:32:13,186:INFO:Engine for model 'svm' has not been set explicitly, hence returning None.
2024-03-06 09:32:13,230:INFO:Engine for model 'knn' has not been set explicitly, hence returning None.
2024-03-06 09:32:13,230:WARNING:
'xgboost' is a soft dependency and not included in the pycaret installation. Please run: `pip install xgboost` to install.
Alternately, you can install this by running `pip install pycaret[models]`
2024-03-06 09:32:13,230:WARNING:
'catboost' is a soft dependency and not included in the pycaret installation. Please run: `pip install catboost` to install.
Alternately, you can install this by running `pip install pycaret[models]`
2024-03-06 09:32:13,240:INFO:Engine for model 'en' has not been set explicitly, hence returning None.
2024-03-06 09:32:13,300:INFO:Engine for model 'svm' has not been set explicitly, hence returning None.
2024-03-06 09:32:13,345:INFO:Engine for model 'knn' has not been set explicitly, hence returning None.
2024-03-06 09:32:13,345:WARNING:
'xgboost' is a soft dependency and not included in the pycaret installation. Please run: `pip install xgboost` to install.
Alternately, you can install this by running `pip install pycaret[models]`
2024-03-06 09:32:13,345:WARNING:
'catboost' is a soft dependency and not included in the pycaret installation. Please run: `pip install catboost` to install.
Alternately, you can install this by running `pip install pycaret[models]`
2024-03-06 09:32:13,345:INFO:Engine successfully changes for model 'en' to 'sklearn'.
2024-03-06 09:32:13,412:INFO:Engine for model 'svm' has not been set explicitly, hence returning None.
2024-03-06 09:32:13,458:INFO:Engine for model 'knn' has not been set explicitly, hence returning None.
2024-03-06 09:32:13,458:WARNING:
'xgboost' is a soft dependency and not included in the pycaret installation. Please run: `pip install xgboost` to install.
Alternately, you can install this by running `pip install pycaret[models]`
2024-03-06 09:32:13,459:WARNING:
'catboost' is a soft dependency and not included in the pycaret installation. Please run: `pip install catboost` to install.
Alternately, you can install this by running `pip install pycaret[models]`
2024-03-06 09:32:13,526:INFO:Engine for model 'svm' has not been set explicitly, hence returning None.
2024-03-06 09:32:13,573:INFO:Engine for model 'knn' has not been set explicitly, hence returning None.
2024-03-06 09:32:13,573:WARNING:
'xgboost' is a soft dependency and not included in the pycaret installation. Please run: `pip install xgboost` to install.
Alternately, you can install this by running `pip install pycaret[models]`
2024-03-06 09:32:13,574:WARNING:
'catboost' is a soft dependency and not included in the pycaret installation. Please run: `pip install catboost` to install.
Alternately, you can install this by running `pip install pycaret[models]`
2024-03-06 09:32:13,574:INFO:Engine successfully changes for model 'knn' to 'sklearn'.
2024-03-06 09:32:13,638:INFO:Engine for model 'svm' has not been set explicitly, hence returning None.
2024-03-06 09:32:13,684:WARNING:
'xgboost' is a soft dependency and not included in the pycaret installation. Please run: `pip install xgboost` to install.
Alternately, you can install this by running `pip install pycaret[models]`
2024-03-06 09:32:13,684:WARNING:
'catboost' is a soft dependency and not included in the pycaret installation. Please run: `pip install catboost` to install.
Alternately, you can install this by running `pip install pycaret[models]`
2024-03-06 09:32:13,750:INFO:Engine for model 'svm' has not been set explicitly, hence returning None.
2024-03-06 09:32:13,798:WARNING:
'xgboost' is a soft dependency and not included in the pycaret installation. Please run: `pip install xgboost` to install.
Alternately, you can install this by running `pip install pycaret[models]`
2024-03-06 09:32:13,798:WARNING:
'catboost' is a soft dependency and not included in the pycaret installation. Please run: `pip install catboost` to install.
Alternately, you can install this by running `pip install pycaret[models]`
2024-03-06 09:32:13,798:INFO:Engine successfully changes for model 'svm' to 'sklearn'.
2024-03-06 09:32:13,908:WARNING:
'xgboost' is a soft dependency and not included in the pycaret installation. Please run: `pip install xgboost` to install.
Alternately, you can install this by running `pip install pycaret[models]`
2024-03-06 09:32:13,908:WARNING:
'catboost' is a soft dependency and not included in the pycaret installation. Please run: `pip install catboost` to install.
Alternately, you can install this by running `pip install pycaret[models]`
2024-03-06 09:32:14,020:WARNING:
'xgboost' is a soft dependency and not included in the pycaret installation. Please run: `pip install xgboost` to install.
Alternately, you can install this by running `pip install pycaret[models]`
2024-03-06 09:32:14,020:WARNING:
'catboost' is a soft dependency and not included in the pycaret installation. Please run: `pip install catboost` to install.
Alternately, you can install this by running `pip install pycaret[models]`
2024-03-06 09:32:14,022:INFO:Preparing preprocessing pipeline...
2024-03-06 09:32:14,022:INFO:Set up simple imputation.
2024-03-06 09:32:14,023:INFO:Set up encoding of categorical features.
2024-03-06 09:32:14,067:INFO:Finished creating preprocessing pipeline.
2024-03-06 09:32:14,074:INFO:Pipeline: Pipeline(memory=FastMemory(location=C:\Users\HP\AppData\Local\Temp\joblib),
         steps=[('numerical_imputer',
                 TransformerWrapper(include=['hour', 'day_of_week', 'day',
                                             'month'],
                                    transformer=SimpleImputer())),
                ('categorical_imputer',
                 TransformerWrapper(include=['stationID'],
                                    transformer=SimpleImputer(strategy='most_frequent'))),
                ('onehot_encoding',
                 TransformerWrapper(include=['stationID'],
                                    transformer=OneHotEncoder(cols=['stationID'],
                                                              handle_missing='return_nan',
                                                              use_cat_names=True)))])
2024-03-06 09:32:14,074:INFO:Creating final display dataframe.
2024-03-06 09:32:14,190:INFO:Setup _display_container:                     Description             Value
0                    Session id               123
1                        Target              PM25
2                   Target type        Regression
3           Original data shape        (5568, 12)
4        Transformed data shape         (5568, 6)
5   Transformed train set shape         (3897, 6)
6    Transformed test set shape         (1671, 6)
7               Ignore features                10
8              Numeric features                 4
9          Categorical features                 1
10                   Preprocess              True
11              Imputation type            simple
12           Numeric imputation              mean
13       Categorical imputation              mode
14     Maximum one-hot encoding                25
15              Encoding method              None
16               Fold Generator             KFold
17                  Fold Number                10
18                     CPU Jobs                -1
19                      Use GPU             False
20               Log Experiment             False
21              Experiment Name  reg-default-name
22                          USI              3180
2024-03-06 09:32:14,318:WARNING:
'xgboost' is a soft dependency and not included in the pycaret installation. Please run: `pip install xgboost` to install.
Alternately, you can install this by running `pip install pycaret[models]`
2024-03-06 09:32:14,319:WARNING:
'catboost' is a soft dependency and not included in the pycaret installation. Please run: `pip install catboost` to install.
Alternately, you can install this by running `pip install pycaret[models]`
2024-03-06 09:32:14,428:WARNING:
'xgboost' is a soft dependency and not included in the pycaret installation. Please run: `pip install xgboost` to install.
Alternately, you can install this by running `pip install pycaret[models]`
2024-03-06 09:32:14,428:WARNING:
'catboost' is a soft dependency and not included in the pycaret installation. Please run: `pip install catboost` to install.
Alternately, you can install this by running `pip install pycaret[models]`
2024-03-06 09:32:14,434:WARNING:c:\Users\HP\Desktop\code\code\PM2.5\venv\Lib\site-packages\pycaret\internal\metrics.py:51: FutureWarning: The `needs_threshold` and `needs_proba` parameter are deprecated in version 1.4 and will be removed in 1.6. You can either let `response_method` be `None` or set it to `predict` to preserve the same behaviour.
  warnings.warn(

2024-03-06 09:32:14,434:INFO:setup() successfully completed in 1.93s...............
2024-03-06 09:32:14,434:INFO:Initializing compare_models()
2024-03-06 09:32:14,434:INFO:compare_models(self=<pycaret.regression.oop.RegressionExperiment object at 0x00000231EA0D0BD0>, include=None, exclude=None, fold=None, round=4, cross_validation=True, sort=R2, n_select=1, budget_time=None, turbo=True, errors=ignore, fit_kwargs=None, groups=None, experiment_custom_tags=None, probability_threshold=None, verbose=True, parallel=None, caller_params={'self': <pycaret.regression.oop.RegressionExperiment object at 0x00000231EA0D0BD0>, 'include': None, 'exclude': None, 'fold': None, 'round': 4, 'cross_validation': True, 'sort': 'R2', 'n_select': 1, 'budget_time': None, 'turbo': True, 'errors': 'ignore', 'fit_kwargs': None, 'groups': None, 'experiment_custom_tags': None, 'engine': None, 'verbose': True, 'parallel': None, '__class__': <class 'pycaret.regression.oop.RegressionExperiment'>})
2024-03-06 09:32:14,435:INFO:Checking exceptions
2024-03-06 09:32:14,436:INFO:Preparing display monitor
2024-03-06 09:32:14,467:INFO:Initializing Linear Regression
2024-03-06 09:32:14,467:INFO:Total runtime is 0.0 minutes
2024-03-06 09:32:14,473:INFO:SubProcess create_model() called ==================================
2024-03-06 09:32:14,473:INFO:Initializing create_model()
2024-03-06 09:32:14,473:INFO:create_model(self=<pycaret.regression.oop.RegressionExperiment object at 0x00000231EA0D0BD0>, estimator=lr, fold=KFold(n_splits=10, random_state=None, shuffle=False), round=4, cross_validation=True, predict=True, fit_kwargs={}, groups=None, refit=False, probability_threshold=None, experiment_custom_tags=None, verbose=False, system=False, add_to_model_list=True, metrics=None, display=<pycaret.internal.display.display.CommonDisplay object at 0x00000231EBB6E7D0>, model_only=True, return_train_score=False, error_score=0.0, kwargs={})
2024-03-06 09:32:14,474:INFO:Checking exceptions
2024-03-06 09:32:14,474:INFO:Importing libraries
2024-03-06 09:32:14,474:INFO:Copying training dataset
2024-03-06 09:32:14,481:INFO:Defining folds
2024-03-06 09:32:14,482:INFO:Declaring metric variables
2024-03-06 09:32:14,488:INFO:Importing untrained model
2024-03-06 09:32:14,493:INFO:Linear Regression Imported successfully
2024-03-06 09:32:14,506:INFO:Starting cross validation
2024-03-06 09:32:14,517:INFO:Cross validating with KFold(n_splits=10, random_state=None, shuffle=False), n_jobs=-1
2024-03-06 09:32:19,661:INFO:Calculating mean and std
2024-03-06 09:32:19,664:INFO:Creating metrics dataframe
2024-03-06 09:32:19,668:INFO:Uploading results into container
2024-03-06 09:32:19,669:INFO:Uploading model into container now
2024-03-06 09:32:19,670:INFO:_master_model_container: 1
2024-03-06 09:32:19,671:INFO:_display_container: 2
2024-03-06 09:32:19,671:INFO:LinearRegression(n_jobs=-1)
2024-03-06 09:32:19,671:INFO:create_model() successfully completed......................................
2024-03-06 09:32:19,878:INFO:SubProcess create_model() end ==================================
2024-03-06 09:32:19,878:INFO:Creating metrics dataframe
2024-03-06 09:32:19,885:INFO:Initializing Lasso Regression
2024-03-06 09:32:19,885:INFO:Total runtime is 0.0902915914853414 minutes
2024-03-06 09:32:19,889:INFO:SubProcess create_model() called ==================================
2024-03-06 09:32:19,890:INFO:Initializing create_model()
2024-03-06 09:32:19,890:INFO:create_model(self=<pycaret.regression.oop.RegressionExperiment object at 0x00000231EA0D0BD0>, estimator=lasso, fold=KFold(n_splits=10, random_state=None, shuffle=False), round=4, cross_validation=True, predict=True, fit_kwargs={}, groups=None, refit=False, probability_threshold=None, experiment_custom_tags=None, verbose=False, system=False, add_to_model_list=True, metrics=None, display=<pycaret.internal.display.display.CommonDisplay object at 0x00000231EBB6E7D0>, model_only=True, return_train_score=False, error_score=0.0, kwargs={})
2024-03-06 09:32:19,890:INFO:Checking exceptions
2024-03-06 09:32:19,890:INFO:Importing libraries
2024-03-06 09:32:19,890:INFO:Copying training dataset
2024-03-06 09:32:19,895:INFO:Defining folds
2024-03-06 09:32:19,897:INFO:Declaring metric variables
2024-03-06 09:32:19,900:INFO:Importing untrained model
2024-03-06 09:32:19,904:INFO:Lasso Regression Imported successfully
2024-03-06 09:32:19,911:INFO:Starting cross validation
2024-03-06 09:32:19,912:INFO:Cross validating with KFold(n_splits=10, random_state=None, shuffle=False), n_jobs=-1
2024-03-06 09:32:24,289:INFO:Calculating mean and std
2024-03-06 09:32:24,293:INFO:Creating metrics dataframe
2024-03-06 09:32:24,296:INFO:Uploading results into container
2024-03-06 09:32:24,297:INFO:Uploading model into container now
2024-03-06 09:32:24,297:INFO:_master_model_container: 2
2024-03-06 09:32:24,297:INFO:_display_container: 2
2024-03-06 09:32:24,299:INFO:Lasso(random_state=123)
2024-03-06 09:32:24,300:INFO:create_model() successfully completed......................................
2024-03-06 09:32:24,436:INFO:SubProcess create_model() end ==================================
2024-03-06 09:32:24,436:INFO:Creating metrics dataframe
2024-03-06 09:32:24,446:INFO:Initializing Ridge Regression
2024-03-06 09:32:24,446:INFO:Total runtime is 0.1663112958272298 minutes
2024-03-06 09:32:24,450:INFO:SubProcess create_model() called ==================================
2024-03-06 09:32:24,450:INFO:Initializing create_model()
2024-03-06 09:32:24,450:INFO:create_model(self=<pycaret.regression.oop.RegressionExperiment object at 0x00000231EA0D0BD0>, estimator=ridge, fold=KFold(n_splits=10, random_state=None, shuffle=False), round=4, cross_validation=True, predict=True, fit_kwargs={}, groups=None, refit=False, probability_threshold=None, experiment_custom_tags=None, verbose=False, system=False, add_to_model_list=True, metrics=None, display=<pycaret.internal.display.display.CommonDisplay object at 0x00000231EBB6E7D0>, model_only=True, return_train_score=False, error_score=0.0, kwargs={})
2024-03-06 09:32:24,450:INFO:Checking exceptions
2024-03-06 09:32:24,450:INFO:Importing libraries
2024-03-06 09:32:24,450:INFO:Copying training dataset
2024-03-06 09:32:24,457:INFO:Defining folds
2024-03-06 09:32:24,457:INFO:Declaring metric variables
2024-03-06 09:32:24,459:INFO:Importing untrained model
2024-03-06 09:32:24,497:INFO:Ridge Regression Imported successfully
2024-03-06 09:32:24,508:INFO:Starting cross validation
2024-03-06 09:32:24,509:INFO:Cross validating with KFold(n_splits=10, random_state=None, shuffle=False), n_jobs=-1
2024-03-06 09:32:24,645:INFO:Calculating mean and std
2024-03-06 09:32:24,646:INFO:Creating metrics dataframe
2024-03-06 09:32:24,649:INFO:Uploading results into container
2024-03-06 09:32:24,649:INFO:Uploading model into container now
2024-03-06 09:32:24,650:INFO:_master_model_container: 3
2024-03-06 09:32:24,650:INFO:_display_container: 2
2024-03-06 09:32:24,651:INFO:Ridge(random_state=123)
2024-03-06 09:32:24,651:INFO:create_model() successfully completed......................................
2024-03-06 09:32:24,732:INFO:SubProcess create_model() end ==================================
2024-03-06 09:32:24,732:INFO:Creating metrics dataframe
2024-03-06 09:32:24,738:INFO:Initializing Elastic Net
2024-03-06 09:32:24,738:INFO:Total runtime is 0.1711862564086914 minutes
2024-03-06 09:32:24,742:INFO:SubProcess create_model() called ==================================
2024-03-06 09:32:24,744:INFO:Initializing create_model()
2024-03-06 09:32:24,744:INFO:create_model(self=<pycaret.regression.oop.RegressionExperiment object at 0x00000231EA0D0BD0>, estimator=en, fold=KFold(n_splits=10, random_state=None, shuffle=False), round=4, cross_validation=True, predict=True, fit_kwargs={}, groups=None, refit=False, probability_threshold=None, experiment_custom_tags=None, verbose=False, system=False, add_to_model_list=True, metrics=None, display=<pycaret.internal.display.display.CommonDisplay object at 0x00000231EBB6E7D0>, model_only=True, return_train_score=False, error_score=0.0, kwargs={})
2024-03-06 09:32:24,744:INFO:Checking exceptions
2024-03-06 09:32:24,744:INFO:Importing libraries
2024-03-06 09:32:24,744:INFO:Copying training dataset
2024-03-06 09:32:24,749:INFO:Defining folds
2024-03-06 09:32:24,750:INFO:Declaring metric variables
2024-03-06 09:32:24,759:INFO:Importing untrained model
2024-03-06 09:32:24,763:INFO:Elastic Net Imported successfully
2024-03-06 09:32:24,775:INFO:Starting cross validation
2024-03-06 09:32:24,777:INFO:Cross validating with KFold(n_splits=10, random_state=None, shuffle=False), n_jobs=-1
2024-03-06 09:32:24,915:INFO:Calculating mean and std
2024-03-06 09:32:24,916:INFO:Creating metrics dataframe
2024-03-06 09:32:24,918:INFO:Uploading results into container
2024-03-06 09:32:24,919:INFO:Uploading model into container now
2024-03-06 09:32:24,920:INFO:_master_model_container: 4
2024-03-06 09:32:24,920:INFO:_display_container: 2
2024-03-06 09:32:24,920:INFO:ElasticNet(random_state=123)
2024-03-06 09:32:24,920:INFO:create_model() successfully completed......................................
2024-03-06 09:32:24,999:INFO:SubProcess create_model() end ==================================
2024-03-06 09:32:24,999:INFO:Creating metrics dataframe
2024-03-06 09:32:25,005:INFO:Initializing Least Angle Regression
2024-03-06 09:32:25,006:INFO:Total runtime is 0.17564650774002075 minutes
2024-03-06 09:32:25,009:INFO:SubProcess create_model() called ==================================
2024-03-06 09:32:25,009:INFO:Initializing create_model()
2024-03-06 09:32:25,009:INFO:create_model(self=<pycaret.regression.oop.RegressionExperiment object at 0x00000231EA0D0BD0>, estimator=lar, fold=KFold(n_splits=10, random_state=None, shuffle=False), round=4, cross_validation=True, predict=True, fit_kwargs={}, groups=None, refit=False, probability_threshold=None, experiment_custom_tags=None, verbose=False, system=False, add_to_model_list=True, metrics=None, display=<pycaret.internal.display.display.CommonDisplay object at 0x00000231EBB6E7D0>, model_only=True, return_train_score=False, error_score=0.0, kwargs={})
2024-03-06 09:32:25,009:INFO:Checking exceptions
2024-03-06 09:32:25,010:INFO:Importing libraries
2024-03-06 09:32:25,010:INFO:Copying training dataset
2024-03-06 09:32:25,013:INFO:Defining folds
2024-03-06 09:32:25,013:INFO:Declaring metric variables
2024-03-06 09:32:25,016:INFO:Importing untrained model
2024-03-06 09:32:25,022:INFO:Least Angle Regression Imported successfully
2024-03-06 09:32:25,033:INFO:Starting cross validation
2024-03-06 09:32:25,035:INFO:Cross validating with KFold(n_splits=10, random_state=None, shuffle=False), n_jobs=-1
2024-03-06 09:32:25,179:INFO:Calculating mean and std
2024-03-06 09:32:25,180:INFO:Creating metrics dataframe
2024-03-06 09:32:25,182:INFO:Uploading results into container
2024-03-06 09:32:25,182:INFO:Uploading model into container now
2024-03-06 09:32:25,183:INFO:_master_model_container: 5
2024-03-06 09:32:25,183:INFO:_display_container: 2
2024-03-06 09:32:25,183:INFO:Lars(random_state=123)
2024-03-06 09:32:25,183:INFO:create_model() successfully completed......................................
2024-03-06 09:32:25,269:INFO:SubProcess create_model() end ==================================
2024-03-06 09:32:25,269:INFO:Creating metrics dataframe
2024-03-06 09:32:25,277:INFO:Initializing Lasso Least Angle Regression
2024-03-06 09:32:25,277:INFO:Total runtime is 0.18016253312428793 minutes
2024-03-06 09:32:25,280:INFO:SubProcess create_model() called ==================================
2024-03-06 09:32:25,281:INFO:Initializing create_model()
2024-03-06 09:32:25,281:INFO:create_model(self=<pycaret.regression.oop.RegressionExperiment object at 0x00000231EA0D0BD0>, estimator=llar, fold=KFold(n_splits=10, random_state=None, shuffle=False), round=4, cross_validation=True, predict=True, fit_kwargs={}, groups=None, refit=False, probability_threshold=None, experiment_custom_tags=None, verbose=False, system=False, add_to_model_list=True, metrics=None, display=<pycaret.internal.display.display.CommonDisplay object at 0x00000231EBB6E7D0>, model_only=True, return_train_score=False, error_score=0.0, kwargs={})
2024-03-06 09:32:25,281:INFO:Checking exceptions
2024-03-06 09:32:25,281:INFO:Importing libraries
2024-03-06 09:32:25,281:INFO:Copying training dataset
2024-03-06 09:32:25,285:INFO:Defining folds
2024-03-06 09:32:25,285:INFO:Declaring metric variables
2024-03-06 09:32:25,288:INFO:Importing untrained model
2024-03-06 09:32:25,292:INFO:Lasso Least Angle Regression Imported successfully
2024-03-06 09:32:25,300:INFO:Starting cross validation
2024-03-06 09:32:25,302:INFO:Cross validating with KFold(n_splits=10, random_state=None, shuffle=False), n_jobs=-1
2024-03-06 09:32:25,443:INFO:Calculating mean and std
2024-03-06 09:32:25,443:INFO:Creating metrics dataframe
2024-03-06 09:32:25,446:INFO:Uploading results into container
2024-03-06 09:32:25,446:INFO:Uploading model into container now
2024-03-06 09:32:25,447:INFO:_master_model_container: 6
2024-03-06 09:32:25,447:INFO:_display_container: 2
2024-03-06 09:32:25,448:INFO:LassoLars(random_state=123)
2024-03-06 09:32:25,448:INFO:create_model() successfully completed......................................
2024-03-06 09:32:25,551:INFO:SubProcess create_model() end ==================================
2024-03-06 09:32:25,551:INFO:Creating metrics dataframe
2024-03-06 09:32:25,561:INFO:Initializing Orthogonal Matching Pursuit
2024-03-06 09:32:25,561:INFO:Total runtime is 0.1848989486694336 minutes
2024-03-06 09:32:25,566:INFO:SubProcess create_model() called ==================================
2024-03-06 09:32:25,566:INFO:Initializing create_model()
2024-03-06 09:32:25,566:INFO:create_model(self=<pycaret.regression.oop.RegressionExperiment object at 0x00000231EA0D0BD0>, estimator=omp, fold=KFold(n_splits=10, random_state=None, shuffle=False), round=4, cross_validation=True, predict=True, fit_kwargs={}, groups=None, refit=False, probability_threshold=None, experiment_custom_tags=None, verbose=False, system=False, add_to_model_list=True, metrics=None, display=<pycaret.internal.display.display.CommonDisplay object at 0x00000231EBB6E7D0>, model_only=True, return_train_score=False, error_score=0.0, kwargs={})
2024-03-06 09:32:25,567:INFO:Checking exceptions
2024-03-06 09:32:25,567:INFO:Importing libraries
2024-03-06 09:32:25,567:INFO:Copying training dataset
2024-03-06 09:32:25,574:INFO:Defining folds
2024-03-06 09:32:25,574:INFO:Declaring metric variables
2024-03-06 09:32:25,577:INFO:Importing untrained model
2024-03-06 09:32:25,584:INFO:Orthogonal Matching Pursuit Imported successfully
2024-03-06 09:32:25,600:INFO:Starting cross validation
2024-03-06 09:32:25,602:INFO:Cross validating with KFold(n_splits=10, random_state=None, shuffle=False), n_jobs=-1
2024-03-06 09:32:25,768:INFO:Calculating mean and std
2024-03-06 09:32:25,768:INFO:Creating metrics dataframe
2024-03-06 09:32:25,773:INFO:Uploading results into container
2024-03-06 09:32:25,774:INFO:Uploading model into container now
2024-03-06 09:32:25,774:INFO:_master_model_container: 7
2024-03-06 09:32:25,775:INFO:_display_container: 2
2024-03-06 09:32:25,775:INFO:OrthogonalMatchingPursuit()
2024-03-06 09:32:25,775:INFO:create_model() successfully completed......................................
2024-03-06 09:32:25,865:INFO:SubProcess create_model() end ==================================
2024-03-06 09:32:25,865:INFO:Creating metrics dataframe
2024-03-06 09:32:25,871:INFO:Initializing Bayesian Ridge
2024-03-06 09:32:25,873:INFO:Total runtime is 0.19009172121683757 minutes
2024-03-06 09:32:25,876:INFO:SubProcess create_model() called ==================================
2024-03-06 09:32:25,876:INFO:Initializing create_model()
2024-03-06 09:32:25,876:INFO:create_model(self=<pycaret.regression.oop.RegressionExperiment object at 0x00000231EA0D0BD0>, estimator=br, fold=KFold(n_splits=10, random_state=None, shuffle=False), round=4, cross_validation=True, predict=True, fit_kwargs={}, groups=None, refit=False, probability_threshold=None, experiment_custom_tags=None, verbose=False, system=False, add_to_model_list=True, metrics=None, display=<pycaret.internal.display.display.CommonDisplay object at 0x00000231EBB6E7D0>, model_only=True, return_train_score=False, error_score=0.0, kwargs={})
2024-03-06 09:32:25,876:INFO:Checking exceptions
2024-03-06 09:32:25,877:INFO:Importing libraries
2024-03-06 09:32:25,877:INFO:Copying training dataset
2024-03-06 09:32:25,880:INFO:Defining folds
2024-03-06 09:32:25,881:INFO:Declaring metric variables
2024-03-06 09:32:25,883:INFO:Importing untrained model
2024-03-06 09:32:25,888:INFO:Bayesian Ridge Imported successfully
2024-03-06 09:32:25,901:INFO:Starting cross validation
2024-03-06 09:32:25,902:INFO:Cross validating with KFold(n_splits=10, random_state=None, shuffle=False), n_jobs=-1
2024-03-06 09:32:26,052:INFO:Calculating mean and std
2024-03-06 09:32:26,052:INFO:Creating metrics dataframe
2024-03-06 09:32:26,054:INFO:Uploading results into container
2024-03-06 09:32:26,056:INFO:Uploading model into container now
2024-03-06 09:32:26,057:INFO:_master_model_container: 8
2024-03-06 09:32:26,057:INFO:_display_container: 2
2024-03-06 09:32:26,057:INFO:BayesianRidge()
2024-03-06 09:32:26,057:INFO:create_model() successfully completed......................................
2024-03-06 09:32:26,140:INFO:SubProcess create_model() end ==================================
2024-03-06 09:32:26,140:INFO:Creating metrics dataframe
2024-03-06 09:32:26,148:INFO:Initializing Passive Aggressive Regressor
2024-03-06 09:32:26,148:INFO:Total runtime is 0.1946811556816101 minutes
2024-03-06 09:32:26,151:INFO:SubProcess create_model() called ==================================
2024-03-06 09:32:26,151:INFO:Initializing create_model()
2024-03-06 09:32:26,152:INFO:create_model(self=<pycaret.regression.oop.RegressionExperiment object at 0x00000231EA0D0BD0>, estimator=par, fold=KFold(n_splits=10, random_state=None, shuffle=False), round=4, cross_validation=True, predict=True, fit_kwargs={}, groups=None, refit=False, probability_threshold=None, experiment_custom_tags=None, verbose=False, system=False, add_to_model_list=True, metrics=None, display=<pycaret.internal.display.display.CommonDisplay object at 0x00000231EBB6E7D0>, model_only=True, return_train_score=False, error_score=0.0, kwargs={})
2024-03-06 09:32:26,152:INFO:Checking exceptions
2024-03-06 09:32:26,152:INFO:Importing libraries
2024-03-06 09:32:26,152:INFO:Copying training dataset
2024-03-06 09:32:26,159:INFO:Defining folds
2024-03-06 09:32:26,159:INFO:Declaring metric variables
2024-03-06 09:32:26,162:INFO:Importing untrained model
2024-03-06 09:32:26,167:INFO:Passive Aggressive Regressor Imported successfully
2024-03-06 09:32:26,178:INFO:Starting cross validation
2024-03-06 09:32:26,180:INFO:Cross validating with KFold(n_splits=10, random_state=None, shuffle=False), n_jobs=-1
2024-03-06 09:32:26,334:INFO:Calculating mean and std
2024-03-06 09:32:26,335:INFO:Creating metrics dataframe
2024-03-06 09:32:26,337:INFO:Uploading results into container
2024-03-06 09:32:26,339:INFO:Uploading model into container now
2024-03-06 09:32:26,339:INFO:_master_model_container: 9
2024-03-06 09:32:26,339:INFO:_display_container: 2
2024-03-06 09:32:26,339:INFO:PassiveAggressiveRegressor(random_state=123)
2024-03-06 09:32:26,340:INFO:create_model() successfully completed......................................
2024-03-06 09:32:26,426:INFO:SubProcess create_model() end ==================================
2024-03-06 09:32:26,426:INFO:Creating metrics dataframe
2024-03-06 09:32:26,432:INFO:Initializing Huber Regressor
2024-03-06 09:32:26,432:INFO:Total runtime is 0.1994240919748942 minutes
2024-03-06 09:32:26,439:INFO:SubProcess create_model() called ==================================
2024-03-06 09:32:26,439:INFO:Initializing create_model()
2024-03-06 09:32:26,439:INFO:create_model(self=<pycaret.regression.oop.RegressionExperiment object at 0x00000231EA0D0BD0>, estimator=huber, fold=KFold(n_splits=10, random_state=None, shuffle=False), round=4, cross_validation=True, predict=True, fit_kwargs={}, groups=None, refit=False, probability_threshold=None, experiment_custom_tags=None, verbose=False, system=False, add_to_model_list=True, metrics=None, display=<pycaret.internal.display.display.CommonDisplay object at 0x00000231EBB6E7D0>, model_only=True, return_train_score=False, error_score=0.0, kwargs={})
2024-03-06 09:32:26,439:INFO:Checking exceptions
2024-03-06 09:32:26,439:INFO:Importing libraries
2024-03-06 09:32:26,439:INFO:Copying training dataset
2024-03-06 09:32:26,444:INFO:Defining folds
2024-03-06 09:32:26,444:INFO:Declaring metric variables
2024-03-06 09:32:26,446:INFO:Importing untrained model
2024-03-06 09:32:26,452:INFO:Huber Regressor Imported successfully
2024-03-06 09:32:26,480:INFO:Starting cross validation
2024-03-06 09:32:26,481:INFO:Cross validating with KFold(n_splits=10, random_state=None, shuffle=False), n_jobs=-1
2024-03-06 09:32:26,679:INFO:Calculating mean and std
2024-03-06 09:32:26,679:INFO:Creating metrics dataframe
2024-03-06 09:32:26,682:INFO:Uploading results into container
2024-03-06 09:32:26,682:INFO:Uploading model into container now
2024-03-06 09:32:26,683:INFO:_master_model_container: 10
2024-03-06 09:32:26,684:INFO:_display_container: 2
2024-03-06 09:32:26,684:INFO:HuberRegressor()
2024-03-06 09:32:26,684:INFO:create_model() successfully completed......................................
2024-03-06 09:32:26,788:INFO:SubProcess create_model() end ==================================
2024-03-06 09:32:26,788:INFO:Creating metrics dataframe
2024-03-06 09:32:26,797:INFO:Initializing K Neighbors Regressor
2024-03-06 09:32:26,797:INFO:Total runtime is 0.20550150076548257 minutes
2024-03-06 09:32:26,803:INFO:SubProcess create_model() called ==================================
2024-03-06 09:32:26,803:INFO:Initializing create_model()
2024-03-06 09:32:26,803:INFO:create_model(self=<pycaret.regression.oop.RegressionExperiment object at 0x00000231EA0D0BD0>, estimator=knn, fold=KFold(n_splits=10, random_state=None, shuffle=False), round=4, cross_validation=True, predict=True, fit_kwargs={}, groups=None, refit=False, probability_threshold=None, experiment_custom_tags=None, verbose=False, system=False, add_to_model_list=True, metrics=None, display=<pycaret.internal.display.display.CommonDisplay object at 0x00000231EBB6E7D0>, model_only=True, return_train_score=False, error_score=0.0, kwargs={})
2024-03-06 09:32:26,804:INFO:Checking exceptions
2024-03-06 09:32:26,804:INFO:Importing libraries
2024-03-06 09:32:26,804:INFO:Copying training dataset
2024-03-06 09:32:26,809:INFO:Defining folds
2024-03-06 09:32:26,809:INFO:Declaring metric variables
2024-03-06 09:32:26,812:INFO:Importing untrained model
2024-03-06 09:32:26,818:INFO:K Neighbors Regressor Imported successfully
2024-03-06 09:32:26,828:INFO:Starting cross validation
2024-03-06 09:32:26,829:INFO:Cross validating with KFold(n_splits=10, random_state=None, shuffle=False), n_jobs=-1
2024-03-06 09:32:27,028:INFO:Calculating mean and std
2024-03-06 09:32:27,030:INFO:Creating metrics dataframe
2024-03-06 09:32:27,032:INFO:Uploading results into container
2024-03-06 09:32:27,033:INFO:Uploading model into container now
2024-03-06 09:32:27,034:INFO:_master_model_container: 11
2024-03-06 09:32:27,034:INFO:_display_container: 2
2024-03-06 09:32:27,034:INFO:KNeighborsRegressor(n_jobs=-1)
2024-03-06 09:32:27,035:INFO:create_model() successfully completed......................................
2024-03-06 09:32:27,137:INFO:SubProcess create_model() end ==================================
2024-03-06 09:32:27,137:INFO:Creating metrics dataframe
2024-03-06 09:32:27,144:INFO:Initializing Decision Tree Regressor
2024-03-06 09:32:27,144:INFO:Total runtime is 0.21127671798070272 minutes
2024-03-06 09:32:27,148:INFO:SubProcess create_model() called ==================================
2024-03-06 09:32:27,148:INFO:Initializing create_model()
2024-03-06 09:32:27,149:INFO:create_model(self=<pycaret.regression.oop.RegressionExperiment object at 0x00000231EA0D0BD0>, estimator=dt, fold=KFold(n_splits=10, random_state=None, shuffle=False), round=4, cross_validation=True, predict=True, fit_kwargs={}, groups=None, refit=False, probability_threshold=None, experiment_custom_tags=None, verbose=False, system=False, add_to_model_list=True, metrics=None, display=<pycaret.internal.display.display.CommonDisplay object at 0x00000231EBB6E7D0>, model_only=True, return_train_score=False, error_score=0.0, kwargs={})
2024-03-06 09:32:27,149:INFO:Checking exceptions
2024-03-06 09:32:27,149:INFO:Importing libraries
2024-03-06 09:32:27,149:INFO:Copying training dataset
2024-03-06 09:32:27,153:INFO:Defining folds
2024-03-06 09:32:27,153:INFO:Declaring metric variables
2024-03-06 09:32:27,156:INFO:Importing untrained model
2024-03-06 09:32:27,160:INFO:Decision Tree Regressor Imported successfully
2024-03-06 09:32:27,171:INFO:Starting cross validation
2024-03-06 09:32:27,174:INFO:Cross validating with KFold(n_splits=10, random_state=None, shuffle=False), n_jobs=-1
2024-03-06 09:32:27,330:INFO:Calculating mean and std
2024-03-06 09:32:27,331:INFO:Creating metrics dataframe
2024-03-06 09:32:27,333:INFO:Uploading results into container
2024-03-06 09:32:27,334:INFO:Uploading model into container now
2024-03-06 09:32:27,335:INFO:_master_model_container: 12
2024-03-06 09:32:27,335:INFO:_display_container: 2
2024-03-06 09:32:27,335:INFO:DecisionTreeRegressor(random_state=123)
2024-03-06 09:32:27,335:INFO:create_model() successfully completed......................................
2024-03-06 09:32:27,421:INFO:SubProcess create_model() end ==================================
2024-03-06 09:32:27,421:INFO:Creating metrics dataframe
2024-03-06 09:32:27,429:INFO:Initializing Random Forest Regressor
2024-03-06 09:32:27,429:INFO:Total runtime is 0.21603744427363078 minutes
2024-03-06 09:32:27,432:INFO:SubProcess create_model() called ==================================
2024-03-06 09:32:27,433:INFO:Initializing create_model()
2024-03-06 09:32:27,433:INFO:create_model(self=<pycaret.regression.oop.RegressionExperiment object at 0x00000231EA0D0BD0>, estimator=rf, fold=KFold(n_splits=10, random_state=None, shuffle=False), round=4, cross_validation=True, predict=True, fit_kwargs={}, groups=None, refit=False, probability_threshold=None, experiment_custom_tags=None, verbose=False, system=False, add_to_model_list=True, metrics=None, display=<pycaret.internal.display.display.CommonDisplay object at 0x00000231EBB6E7D0>, model_only=True, return_train_score=False, error_score=0.0, kwargs={})
2024-03-06 09:32:27,433:INFO:Checking exceptions
2024-03-06 09:32:27,433:INFO:Importing libraries
2024-03-06 09:32:27,433:INFO:Copying training dataset
2024-03-06 09:32:27,439:INFO:Defining folds
2024-03-06 09:32:27,439:INFO:Declaring metric variables
2024-03-06 09:32:27,441:INFO:Importing untrained model
2024-03-06 09:32:27,447:INFO:Random Forest Regressor Imported successfully
2024-03-06 09:32:27,457:INFO:Starting cross validation
2024-03-06 09:32:27,460:INFO:Cross validating with KFold(n_splits=10, random_state=None, shuffle=False), n_jobs=-1
2024-03-06 09:32:28,219:INFO:Calculating mean and std
2024-03-06 09:32:28,219:INFO:Creating metrics dataframe
2024-03-06 09:32:28,221:INFO:Uploading results into container
2024-03-06 09:32:28,222:INFO:Uploading model into container now
2024-03-06 09:32:28,223:INFO:_master_model_container: 13
2024-03-06 09:32:28,223:INFO:_display_container: 2
2024-03-06 09:32:28,223:INFO:RandomForestRegressor(n_jobs=-1, random_state=123)
2024-03-06 09:32:28,223:INFO:create_model() successfully completed......................................
2024-03-06 09:32:28,300:INFO:SubProcess create_model() end ==================================
2024-03-06 09:32:28,300:INFO:Creating metrics dataframe
2024-03-06 09:32:28,309:INFO:Initializing Extra Trees Regressor
2024-03-06 09:32:28,309:INFO:Total runtime is 0.23069223562876384 minutes
2024-03-06 09:32:28,313:INFO:SubProcess create_model() called ==================================
2024-03-06 09:32:28,313:INFO:Initializing create_model()
2024-03-06 09:32:28,314:INFO:create_model(self=<pycaret.regression.oop.RegressionExperiment object at 0x00000231EA0D0BD0>, estimator=et, fold=KFold(n_splits=10, random_state=None, shuffle=False), round=4, cross_validation=True, predict=True, fit_kwargs={}, groups=None, refit=False, probability_threshold=None, experiment_custom_tags=None, verbose=False, system=False, add_to_model_list=True, metrics=None, display=<pycaret.internal.display.display.CommonDisplay object at 0x00000231EBB6E7D0>, model_only=True, return_train_score=False, error_score=0.0, kwargs={})
2024-03-06 09:32:28,314:INFO:Checking exceptions
2024-03-06 09:32:28,314:INFO:Importing libraries
2024-03-06 09:32:28,314:INFO:Copying training dataset
2024-03-06 09:32:28,318:INFO:Defining folds
2024-03-06 09:32:28,318:INFO:Declaring metric variables
2024-03-06 09:32:28,321:INFO:Importing untrained model
2024-03-06 09:32:28,324:INFO:Extra Trees Regressor Imported successfully
2024-03-06 09:32:28,334:INFO:Starting cross validation
2024-03-06 09:32:28,336:INFO:Cross validating with KFold(n_splits=10, random_state=None, shuffle=False), n_jobs=-1
2024-03-06 09:32:29,037:INFO:Calculating mean and std
2024-03-06 09:32:29,037:INFO:Creating metrics dataframe
2024-03-06 09:32:29,040:INFO:Uploading results into container
2024-03-06 09:32:29,040:INFO:Uploading model into container now
2024-03-06 09:32:29,041:INFO:_master_model_container: 14
2024-03-06 09:32:29,041:INFO:_display_container: 2
2024-03-06 09:32:29,042:INFO:ExtraTreesRegressor(n_jobs=-1, random_state=123)
2024-03-06 09:32:29,042:INFO:create_model() successfully completed......................................
2024-03-06 09:32:29,121:INFO:SubProcess create_model() end ==================================
2024-03-06 09:32:29,121:INFO:Creating metrics dataframe
2024-03-06 09:32:29,129:INFO:Initializing AdaBoost Regressor
2024-03-06 09:32:29,129:INFO:Total runtime is 0.24436249335606894 minutes
2024-03-06 09:32:29,133:INFO:SubProcess create_model() called ==================================
2024-03-06 09:32:29,133:INFO:Initializing create_model()
2024-03-06 09:32:29,133:INFO:create_model(self=<pycaret.regression.oop.RegressionExperiment object at 0x00000231EA0D0BD0>, estimator=ada, fold=KFold(n_splits=10, random_state=None, shuffle=False), round=4, cross_validation=True, predict=True, fit_kwargs={}, groups=None, refit=False, probability_threshold=None, experiment_custom_tags=None, verbose=False, system=False, add_to_model_list=True, metrics=None, display=<pycaret.internal.display.display.CommonDisplay object at 0x00000231EBB6E7D0>, model_only=True, return_train_score=False, error_score=0.0, kwargs={})
2024-03-06 09:32:29,133:INFO:Checking exceptions
2024-03-06 09:32:29,133:INFO:Importing libraries
2024-03-06 09:32:29,133:INFO:Copying training dataset
2024-03-06 09:32:29,138:INFO:Defining folds
2024-03-06 09:32:29,138:INFO:Declaring metric variables
2024-03-06 09:32:29,141:INFO:Importing untrained model
2024-03-06 09:32:29,145:INFO:AdaBoost Regressor Imported successfully
2024-03-06 09:32:29,154:INFO:Starting cross validation
2024-03-06 09:32:29,156:INFO:Cross validating with KFold(n_splits=10, random_state=None, shuffle=False), n_jobs=-1
2024-03-06 09:32:29,579:INFO:Calculating mean and std
2024-03-06 09:32:29,579:INFO:Creating metrics dataframe
2024-03-06 09:32:29,582:INFO:Uploading results into container
2024-03-06 09:32:29,583:INFO:Uploading model into container now
2024-03-06 09:32:29,584:INFO:_master_model_container: 15
2024-03-06 09:32:29,585:INFO:_display_container: 2
2024-03-06 09:32:29,586:INFO:AdaBoostRegressor(random_state=123)
2024-03-06 09:32:29,586:INFO:create_model() successfully completed......................................
2024-03-06 09:32:29,676:INFO:SubProcess create_model() end ==================================
2024-03-06 09:32:29,676:INFO:Creating metrics dataframe
2024-03-06 09:32:29,684:INFO:Initializing Gradient Boosting Regressor
2024-03-06 09:32:29,684:INFO:Total runtime is 0.2536233067512512 minutes
2024-03-06 09:32:29,687:INFO:SubProcess create_model() called ==================================
2024-03-06 09:32:29,688:INFO:Initializing create_model()
2024-03-06 09:32:29,688:INFO:create_model(self=<pycaret.regression.oop.RegressionExperiment object at 0x00000231EA0D0BD0>, estimator=gbr, fold=KFold(n_splits=10, random_state=None, shuffle=False), round=4, cross_validation=True, predict=True, fit_kwargs={}, groups=None, refit=False, probability_threshold=None, experiment_custom_tags=None, verbose=False, system=False, add_to_model_list=True, metrics=None, display=<pycaret.internal.display.display.CommonDisplay object at 0x00000231EBB6E7D0>, model_only=True, return_train_score=False, error_score=0.0, kwargs={})
2024-03-06 09:32:29,688:INFO:Checking exceptions
2024-03-06 09:32:29,688:INFO:Importing libraries
2024-03-06 09:32:29,688:INFO:Copying training dataset
2024-03-06 09:32:29,692:INFO:Defining folds
2024-03-06 09:32:29,692:INFO:Declaring metric variables
2024-03-06 09:32:29,695:INFO:Importing untrained model
2024-03-06 09:32:29,700:INFO:Gradient Boosting Regressor Imported successfully
2024-03-06 09:32:29,709:INFO:Starting cross validation
2024-03-06 09:32:29,710:INFO:Cross validating with KFold(n_splits=10, random_state=None, shuffle=False), n_jobs=-1
2024-03-06 09:32:30,091:INFO:Calculating mean and std
2024-03-06 09:32:30,091:INFO:Creating metrics dataframe
2024-03-06 09:32:30,093:INFO:Uploading results into container
2024-03-06 09:32:30,094:INFO:Uploading model into container now
2024-03-06 09:32:30,095:INFO:_master_model_container: 16
2024-03-06 09:32:30,095:INFO:_display_container: 2
2024-03-06 09:32:30,095:INFO:GradientBoostingRegressor(random_state=123)
2024-03-06 09:32:30,096:INFO:create_model() successfully completed......................................
2024-03-06 09:32:30,186:INFO:SubProcess create_model() end ==================================
2024-03-06 09:32:30,186:INFO:Creating metrics dataframe
2024-03-06 09:32:30,195:INFO:Initializing Light Gradient Boosting Machine
2024-03-06 09:32:30,195:INFO:Total runtime is 0.2621377388636271 minutes
2024-03-06 09:32:30,200:INFO:SubProcess create_model() called ==================================
2024-03-06 09:32:30,200:INFO:Initializing create_model()
2024-03-06 09:32:30,200:INFO:create_model(self=<pycaret.regression.oop.RegressionExperiment object at 0x00000231EA0D0BD0>, estimator=lightgbm, fold=KFold(n_splits=10, random_state=None, shuffle=False), round=4, cross_validation=True, predict=True, fit_kwargs={}, groups=None, refit=False, probability_threshold=None, experiment_custom_tags=None, verbose=False, system=False, add_to_model_list=True, metrics=None, display=<pycaret.internal.display.display.CommonDisplay object at 0x00000231EBB6E7D0>, model_only=True, return_train_score=False, error_score=0.0, kwargs={})
2024-03-06 09:32:30,200:INFO:Checking exceptions
2024-03-06 09:32:30,200:INFO:Importing libraries
2024-03-06 09:32:30,200:INFO:Copying training dataset
2024-03-06 09:32:30,205:INFO:Defining folds
2024-03-06 09:32:30,205:INFO:Declaring metric variables
2024-03-06 09:32:30,208:INFO:Importing untrained model
2024-03-06 09:32:30,212:INFO:Light Gradient Boosting Machine Imported successfully
2024-03-06 09:32:30,221:INFO:Starting cross validation
2024-03-06 09:32:30,223:INFO:Cross validating with KFold(n_splits=10, random_state=None, shuffle=False), n_jobs=-1
2024-03-06 09:32:31,288:INFO:Calculating mean and std
2024-03-06 09:32:31,289:INFO:Creating metrics dataframe
2024-03-06 09:32:31,291:INFO:Uploading results into container
2024-03-06 09:32:31,292:INFO:Uploading model into container now
2024-03-06 09:32:31,293:INFO:_master_model_container: 17
2024-03-06 09:32:31,293:INFO:_display_container: 2
2024-03-06 09:32:31,294:INFO:LGBMRegressor(n_jobs=-1, random_state=123)
2024-03-06 09:32:31,294:INFO:create_model() successfully completed......................................
2024-03-06 09:32:31,395:INFO:SubProcess create_model() end ==================================
2024-03-06 09:32:31,395:INFO:Creating metrics dataframe
2024-03-06 09:32:31,404:INFO:Initializing Dummy Regressor
2024-03-06 09:32:31,404:INFO:Total runtime is 0.28229047457377116 minutes
2024-03-06 09:32:31,409:INFO:SubProcess create_model() called ==================================
2024-03-06 09:32:31,409:INFO:Initializing create_model()
2024-03-06 09:32:31,409:INFO:create_model(self=<pycaret.regression.oop.RegressionExperiment object at 0x00000231EA0D0BD0>, estimator=dummy, fold=KFold(n_splits=10, random_state=None, shuffle=False), round=4, cross_validation=True, predict=True, fit_kwargs={}, groups=None, refit=False, probability_threshold=None, experiment_custom_tags=None, verbose=False, system=False, add_to_model_list=True, metrics=None, display=<pycaret.internal.display.display.CommonDisplay object at 0x00000231EBB6E7D0>, model_only=True, return_train_score=False, error_score=0.0, kwargs={})
2024-03-06 09:32:31,409:INFO:Checking exceptions
2024-03-06 09:32:31,409:INFO:Importing libraries
2024-03-06 09:32:31,409:INFO:Copying training dataset
2024-03-06 09:32:31,415:INFO:Defining folds
2024-03-06 09:32:31,417:INFO:Declaring metric variables
2024-03-06 09:32:31,421:INFO:Importing untrained model
2024-03-06 09:32:31,425:INFO:Dummy Regressor Imported successfully
2024-03-06 09:32:31,435:INFO:Starting cross validation
2024-03-06 09:32:31,437:INFO:Cross validating with KFold(n_splits=10, random_state=None, shuffle=False), n_jobs=-1
2024-03-06 09:32:31,588:INFO:Calculating mean and std
2024-03-06 09:32:31,591:INFO:Creating metrics dataframe
2024-03-06 09:32:31,593:INFO:Uploading results into container
2024-03-06 09:32:31,595:INFO:Uploading model into container now
2024-03-06 09:32:31,595:INFO:_master_model_container: 18
2024-03-06 09:32:31,595:INFO:_display_container: 2
2024-03-06 09:32:31,595:INFO:DummyRegressor()
2024-03-06 09:32:31,595:INFO:create_model() successfully completed......................................
2024-03-06 09:32:31,675:INFO:SubProcess create_model() end ==================================
2024-03-06 09:32:31,675:INFO:Creating metrics dataframe
2024-03-06 09:32:31,686:WARNING:c:\Users\HP\Desktop\code\code\PM2.5\venv\Lib\site-packages\pycaret\internal\pycaret_experiment\supervised_experiment.py:339: FutureWarning: Styler.applymap has been deprecated. Use Styler.map instead.
  .applymap(highlight_cols, subset=["TT (Sec)"])

2024-03-06 09:32:31,696:INFO:Initializing create_model()
2024-03-06 09:32:31,696:INFO:create_model(self=<pycaret.regression.oop.RegressionExperiment object at 0x00000231EA0D0BD0>, estimator=ExtraTreesRegressor(n_jobs=-1, random_state=123), fold=KFold(n_splits=10, random_state=None, shuffle=False), round=4, cross_validation=False, predict=False, fit_kwargs={}, groups=None, refit=True, probability_threshold=None, experiment_custom_tags=None, verbose=False, system=False, add_to_model_list=True, metrics=None, display=None, model_only=True, return_train_score=False, error_score=0.0, kwargs={})
2024-03-06 09:32:31,696:INFO:Checking exceptions
2024-03-06 09:32:31,702:INFO:Importing libraries
2024-03-06 09:32:31,702:INFO:Copying training dataset
2024-03-06 09:32:31,706:INFO:Defining folds
2024-03-06 09:32:31,706:INFO:Declaring metric variables
2024-03-06 09:32:31,706:INFO:Importing untrained model
2024-03-06 09:32:31,706:INFO:Declaring custom model
2024-03-06 09:32:31,707:INFO:Extra Trees Regressor Imported successfully
2024-03-06 09:32:31,707:INFO:Cross validation set to False
2024-03-06 09:32:31,707:INFO:Fitting Model
2024-03-06 09:32:31,846:INFO:ExtraTreesRegressor(n_jobs=-1, random_state=123)
2024-03-06 09:32:31,846:INFO:create_model() successfully completed......................................
2024-03-06 09:32:31,958:INFO:_master_model_container: 18
2024-03-06 09:32:31,958:INFO:_display_container: 2
2024-03-06 09:32:31,958:INFO:ExtraTreesRegressor(n_jobs=-1, random_state=123)
2024-03-06 09:32:31,958:INFO:compare_models() successfully completed......................................
2024-03-06 09:32:31,958:INFO:Initializing create_model()
2024-03-06 09:32:31,958:INFO:create_model(self=<pycaret.regression.oop.RegressionExperiment object at 0x00000231EA0D0BD0>, estimator=ExtraTreesRegressor(n_jobs=-1, random_state=123), fold=None, round=4, cross_validation=True, predict=True, fit_kwargs=None, groups=None, refit=True, probability_threshold=None, experiment_custom_tags=None, verbose=True, system=True, add_to_model_list=True, metrics=None, display=None, model_only=True, return_train_score=False, error_score=0.0, kwargs={})
2024-03-06 09:32:31,958:INFO:Checking exceptions
2024-03-06 09:32:31,974:INFO:Importing libraries
2024-03-06 09:32:31,974:INFO:Copying training dataset
2024-03-06 09:32:31,982:INFO:Defining folds
2024-03-06 09:32:31,982:INFO:Declaring metric variables
2024-03-06 09:32:31,986:INFO:Importing untrained model
2024-03-06 09:32:31,987:INFO:Declaring custom model
2024-03-06 09:32:31,991:INFO:Extra Trees Regressor Imported successfully
2024-03-06 09:32:31,999:INFO:Starting cross validation
2024-03-06 09:32:32,001:INFO:Cross validating with KFold(n_splits=10, random_state=None, shuffle=False), n_jobs=-1
2024-03-06 09:32:32,589:INFO:Calculating mean and std
2024-03-06 09:32:32,590:INFO:Creating metrics dataframe
2024-03-06 09:32:32,594:INFO:Finalizing model
2024-03-06 09:32:32,721:INFO:Uploading results into container
2024-03-06 09:32:32,722:INFO:Uploading model into container now
2024-03-06 09:32:32,731:INFO:_master_model_container: 19
2024-03-06 09:32:32,731:INFO:_display_container: 3
2024-03-06 09:32:32,731:INFO:ExtraTreesRegressor(n_jobs=-1, random_state=123)
2024-03-06 09:32:32,731:INFO:create_model() successfully completed......................................
2024-03-06 09:32:32,839:INFO:Initializing tune_model()
2024-03-06 09:32:32,839:INFO:tune_model(self=<pycaret.regression.oop.RegressionExperiment object at 0x00000231EA0D0BD0>, estimator=ExtraTreesRegressor(n_jobs=-1, random_state=123), fold=None, round=4, n_iter=10, custom_grid=None, optimize=R2, custom_scorer=None, search_library=scikit-learn, search_algorithm=None, early_stopping=False, early_stopping_max_iters=10, choose_better=True, fit_kwargs=None, groups=None, return_tuner=False, verbose=True, tuner_verbose=True, return_train_score=False, kwargs={})
2024-03-06 09:32:32,839:INFO:Checking exceptions
2024-03-06 09:32:32,854:INFO:Copying training dataset
2024-03-06 09:32:32,857:INFO:Checking base model
2024-03-06 09:32:32,857:INFO:Base model : Extra Trees Regressor
2024-03-06 09:32:32,861:INFO:Declaring metric variables
2024-03-06 09:32:32,866:INFO:Defining Hyperparameters
2024-03-06 09:32:32,965:INFO:Tuning with n_jobs=-1
2024-03-06 09:32:32,965:INFO:Initializing RandomizedSearchCV
2024-03-06 09:32:45,838:INFO:best_params: {'actual_estimator__n_estimators': 200, 'actual_estimator__min_samples_split': 7, 'actual_estimator__min_samples_leaf': 5, 'actual_estimator__min_impurity_decrease': 0.0002, 'actual_estimator__max_features': 'sqrt', 'actual_estimator__max_depth': 11, 'actual_estimator__criterion': 'squared_error', 'actual_estimator__bootstrap': False}
2024-03-06 09:32:45,839:INFO:Hyperparameter search completed
2024-03-06 09:32:45,839:INFO:SubProcess create_model() called ==================================
2024-03-06 09:32:45,840:INFO:Initializing create_model()
2024-03-06 09:32:45,840:INFO:create_model(self=<pycaret.regression.oop.RegressionExperiment object at 0x00000231EA0D0BD0>, estimator=ExtraTreesRegressor(n_jobs=-1, random_state=123), fold=KFold(n_splits=10, random_state=None, shuffle=False), round=4, cross_validation=True, predict=True, fit_kwargs={}, groups=None, refit=True, probability_threshold=None, experiment_custom_tags=None, verbose=True, system=False, add_to_model_list=True, metrics=None, display=<pycaret.internal.display.display.CommonDisplay object at 0x00000231E95C7B90>, model_only=True, return_train_score=False, error_score=0.0, kwargs={'n_estimators': 200, 'min_samples_split': 7, 'min_samples_leaf': 5, 'min_impurity_decrease': 0.0002, 'max_features': 'sqrt', 'max_depth': 11, 'criterion': 'squared_error', 'bootstrap': False})
2024-03-06 09:32:45,840:INFO:Checking exceptions
2024-03-06 09:32:45,840:INFO:Importing libraries
2024-03-06 09:32:45,840:INFO:Copying training dataset
2024-03-06 09:32:45,846:INFO:Defining folds
2024-03-06 09:32:45,846:INFO:Declaring metric variables
2024-03-06 09:32:45,849:INFO:Importing untrained model
2024-03-06 09:32:45,849:INFO:Declaring custom model
2024-03-06 09:32:45,853:INFO:Extra Trees Regressor Imported successfully
2024-03-06 09:32:45,861:INFO:Starting cross validation
2024-03-06 09:32:45,863:INFO:Cross validating with KFold(n_splits=10, random_state=None, shuffle=False), n_jobs=-1
2024-03-06 09:32:46,553:INFO:Calculating mean and std
2024-03-06 09:32:46,554:INFO:Creating metrics dataframe
2024-03-06 09:32:46,559:INFO:Finalizing model
2024-03-06 09:32:46,767:INFO:Uploading results into container
2024-03-06 09:32:46,768:INFO:Uploading model into container now
2024-03-06 09:32:46,769:INFO:_master_model_container: 20
2024-03-06 09:32:46,769:INFO:_display_container: 4
2024-03-06 09:32:46,770:INFO:ExtraTreesRegressor(max_depth=11, max_features='sqrt',
                    min_impurity_decrease=0.0002, min_samples_leaf=5,
                    min_samples_split=7, n_estimators=200, n_jobs=-1,
                    random_state=123)
2024-03-06 09:32:46,770:INFO:create_model() successfully completed......................................
2024-03-06 09:32:46,876:INFO:SubProcess create_model() end ==================================
2024-03-06 09:32:46,876:INFO:choose_better activated
2024-03-06 09:32:46,880:INFO:SubProcess create_model() called ==================================
2024-03-06 09:32:46,881:INFO:Initializing create_model()
2024-03-06 09:32:46,881:INFO:create_model(self=<pycaret.regression.oop.RegressionExperiment object at 0x00000231EA0D0BD0>, estimator=ExtraTreesRegressor(n_jobs=-1, random_state=123), fold=KFold(n_splits=10, random_state=None, shuffle=False), round=4, cross_validation=True, predict=True, fit_kwargs={}, groups=None, refit=True, probability_threshold=None, experiment_custom_tags=None, verbose=False, system=False, add_to_model_list=True, metrics=None, display=None, model_only=True, return_train_score=False, error_score=0.0, kwargs={})
2024-03-06 09:32:46,881:INFO:Checking exceptions
2024-03-06 09:32:46,883:INFO:Importing libraries
2024-03-06 09:32:46,883:INFO:Copying training dataset
2024-03-06 09:32:46,886:INFO:Defining folds
2024-03-06 09:32:46,887:INFO:Declaring metric variables
2024-03-06 09:32:46,887:INFO:Importing untrained model
2024-03-06 09:32:46,887:INFO:Declaring custom model
2024-03-06 09:32:46,887:INFO:Extra Trees Regressor Imported successfully
2024-03-06 09:32:46,887:INFO:Starting cross validation
2024-03-06 09:32:46,888:INFO:Cross validating with KFold(n_splits=10, random_state=None, shuffle=False), n_jobs=-1
2024-03-06 09:32:47,457:INFO:Calculating mean and std
2024-03-06 09:32:47,457:INFO:Creating metrics dataframe
2024-03-06 09:32:47,459:INFO:Finalizing model
2024-03-06 09:32:47,608:INFO:Uploading results into container
2024-03-06 09:32:47,609:INFO:Uploading model into container now
2024-03-06 09:32:47,609:INFO:_master_model_container: 21
2024-03-06 09:32:47,610:INFO:_display_container: 5
2024-03-06 09:32:47,610:INFO:ExtraTreesRegressor(n_jobs=-1, random_state=123)
2024-03-06 09:32:47,610:INFO:create_model() successfully completed......................................
2024-03-06 09:32:47,693:INFO:SubProcess create_model() end ==================================
2024-03-06 09:32:47,694:INFO:ExtraTreesRegressor(n_jobs=-1, random_state=123) result for R2 is 0.9802
2024-03-06 09:32:47,694:INFO:ExtraTreesRegressor(max_depth=11, max_features='sqrt',
                    min_impurity_decrease=0.0002, min_samples_leaf=5,
                    min_samples_split=7, n_estimators=200, n_jobs=-1,
                    random_state=123) result for R2 is 0.6493
2024-03-06 09:32:47,695:INFO:ExtraTreesRegressor(n_jobs=-1, random_state=123) is best model
2024-03-06 09:32:47,695:INFO:choose_better completed
2024-03-06 09:32:47,695:INFO:Original model was better than the tuned model, hence it will be returned. NOTE: The display metrics are for the tuned model (not the original one).
2024-03-06 09:32:47,707:INFO:_master_model_container: 21
2024-03-06 09:32:47,707:INFO:_display_container: 4
2024-03-06 09:32:47,707:INFO:ExtraTreesRegressor(n_jobs=-1, random_state=123)
2024-03-06 09:32:47,707:INFO:tune_model() successfully completed......................................
2024-03-06 09:32:47,810:INFO:Initializing evaluate_model()
2024-03-06 09:32:47,810:INFO:evaluate_model(self=<pycaret.regression.oop.RegressionExperiment object at 0x00000231EA0D0BD0>, estimator=ExtraTreesRegressor(n_jobs=-1, random_state=123), fold=None, fit_kwargs=None, plot_kwargs=None, feature_name=None, groups=None)
2024-03-06 09:32:47,825:INFO:Initializing plot_model()
2024-03-06 09:32:47,825:INFO:plot_model(self=<pycaret.regression.oop.RegressionExperiment object at 0x00000231EA0D0BD0>, estimator=ExtraTreesRegressor(n_jobs=-1, random_state=123), plot=pipeline, scale=1, save=False, fold=KFold(n_splits=10, random_state=None, shuffle=False), fit_kwargs={}, plot_kwargs=None, groups=None, feature_name=None, label=False, verbose=False, system=True, display=None, display_format=None)
2024-03-06 09:32:47,825:INFO:Checking exceptions
2024-03-06 09:32:47,864:INFO:Preloading libraries
2024-03-06 09:32:47,890:INFO:Copying training dataset
2024-03-06 09:32:47,890:INFO:Plot type: pipeline
2024-03-06 09:32:48,098:INFO:Visual Rendered Successfully
2024-03-06 09:32:48,185:INFO:plot_model() successfully completed......................................
2024-03-06 09:32:48,195:INFO:Initializing save_model()
2024-03-06 09:32:48,196:INFO:save_model(model=ExtraTreesRegressor(n_jobs=-1, random_state=123), model_name=final_pm25_prediction_model, prep_pipe_=Pipeline(memory=FastMemory(location=C:\Users\HP\AppData\Local\Temp\joblib),
         steps=[('numerical_imputer',
                 TransformerWrapper(include=['hour', 'day_of_week', 'day',
                                             'month'],
                                    transformer=SimpleImputer())),
                ('categorical_imputer',
                 TransformerWrapper(include=['stationID'],
                                    transformer=SimpleImputer(strategy='most_frequent'))),
                ('onehot_encoding',
                 TransformerWrapper(include=['stationID'],
                                    transformer=OneHotEncoder(cols=['stationID'],
                                                              handle_missing='return_nan',
                                                              use_cat_names=True)))]), verbose=True, use_case=MLUsecase.REGRESSION, kwargs={})
2024-03-06 09:32:48,196:INFO:Adding model into prep_pipe
2024-03-06 09:32:48,252:INFO:final_pm25_prediction_model.pkl saved in current working directory
2024-03-06 09:32:48,269:INFO:Pipeline(memory=Memory(location=None),
         steps=[('numerical_imputer',
                 TransformerWrapper(include=['hour', 'day_of_week', 'day',
                                             'month'],
                                    transformer=SimpleImputer())),
                ('categorical_imputer',
                 TransformerWrapper(include=['stationID'],
                                    transformer=SimpleImputer(strategy='most_frequent'))),
                ('onehot_encoding',
                 TransformerWrapper(include=['stationID'],
                                    transformer=OneHotEncoder(cols=['stationID'],
                                                              handle_missing='return_nan',
                                                              use_cat_names=True))),
                ('trained_model',
                 ExtraTreesRegressor(n_jobs=-1, random_state=123))])
2024-03-06 09:32:48,269:INFO:save_model() successfully completed......................................
2024-03-06 09:37:45,894:INFO:Initializing plot_model()
2024-03-06 09:37:45,894:INFO:plot_model(self=<pycaret.regression.oop.RegressionExperiment object at 0x00000231EA0D0BD0>, estimator=ExtraTreesRegressor(n_jobs=-1, random_state=123), plot=cooks, scale=1, save=False, fold=KFold(n_splits=10, random_state=None, shuffle=False), fit_kwargs={}, plot_kwargs=None, groups=None, feature_name=None, label=False, verbose=False, system=True, display=None, display_format=None)
2024-03-06 09:37:45,894:INFO:Checking exceptions
2024-03-06 09:37:45,939:INFO:Preloading libraries
2024-03-06 09:37:45,966:INFO:Copying training dataset
2024-03-06 09:37:45,966:INFO:Plot type: cooks
2024-03-06 09:37:46,117:INFO:Fitting Model
2024-03-06 09:37:46,666:INFO:Visual Rendered Successfully
2024-03-06 09:37:46,782:INFO:plot_model() successfully completed......................................
2024-03-06 09:37:46,997:INFO:Initializing plot_model()
2024-03-06 09:37:46,997:INFO:plot_model(self=<pycaret.regression.oop.RegressionExperiment object at 0x00000231EA0D0BD0>, estimator=ExtraTreesRegressor(n_jobs=-1, random_state=123), plot=residuals, scale=1, save=False, fold=KFold(n_splits=10, random_state=None, shuffle=False), fit_kwargs={}, plot_kwargs=None, groups=None, feature_name=None, label=False, verbose=False, system=True, display=None, display_format=None)
2024-03-06 09:37:46,998:INFO:Checking exceptions
2024-03-06 09:37:47,042:INFO:Preloading libraries
2024-03-06 09:37:47,077:INFO:Copying training dataset
2024-03-06 09:37:47,077:INFO:Plot type: residuals
2024-03-06 09:37:47,230:INFO:Fitting Model
2024-03-06 09:37:47,272:WARNING:c:\Users\HP\Desktop\code\code\PM2.5\venv\Lib\site-packages\sklearn\base.py:493: UserWarning: X does not have valid feature names, but ExtraTreesRegressor was fitted with feature names
  warnings.warn(

2024-03-06 09:37:47,399:INFO:Scoring test/hold-out set
2024-03-06 09:37:47,919:INFO:Visual Rendered Successfully
2024-03-06 09:37:48,041:INFO:plot_model() successfully completed......................................
2024-03-06 09:37:52,726:INFO:Initializing plot_model()
2024-03-06 09:37:52,726:INFO:plot_model(self=<pycaret.regression.oop.RegressionExperiment object at 0x00000231EA0D0BD0>, estimator=ExtraTreesRegressor(n_jobs=-1, random_state=123), plot=parameter, scale=1, save=False, fold=KFold(n_splits=10, random_state=None, shuffle=False), fit_kwargs={}, plot_kwargs=None, groups=None, feature_name=None, label=False, verbose=False, system=True, display=None, display_format=None)
2024-03-06 09:37:52,726:INFO:Checking exceptions
2024-03-06 09:37:52,768:INFO:Preloading libraries
2024-03-06 09:37:52,792:INFO:Copying training dataset
2024-03-06 09:37:52,792:INFO:Plot type: parameter
2024-03-06 09:37:52,795:INFO:Visual Rendered Successfully
2024-03-06 09:37:52,888:INFO:plot_model() successfully completed......................................
2024-03-06 09:37:56,167:INFO:Initializing plot_model()
2024-03-06 09:37:56,167:INFO:plot_model(self=<pycaret.regression.oop.RegressionExperiment object at 0x00000231EA0D0BD0>, estimator=ExtraTreesRegressor(n_jobs=-1, random_state=123), plot=residuals, scale=1, save=False, fold=KFold(n_splits=10, random_state=None, shuffle=False), fit_kwargs={}, plot_kwargs=None, groups=None, feature_name=None, label=False, verbose=False, system=True, display=None, display_format=None)
2024-03-06 09:37:56,167:INFO:Checking exceptions
2024-03-06 09:37:56,209:INFO:Preloading libraries
2024-03-06 09:37:56,235:INFO:Copying training dataset
2024-03-06 09:37:56,235:INFO:Plot type: residuals
2024-03-06 09:37:56,382:INFO:Fitting Model
2024-03-06 09:37:56,383:WARNING:c:\Users\HP\Desktop\code\code\PM2.5\venv\Lib\site-packages\sklearn\base.py:493: UserWarning: X does not have valid feature names, but ExtraTreesRegressor was fitted with feature names
  warnings.warn(

2024-03-06 09:37:56,503:INFO:Scoring test/hold-out set
2024-03-06 09:37:56,946:INFO:Visual Rendered Successfully
2024-03-06 09:37:57,057:INFO:plot_model() successfully completed......................................
2024-03-06 09:38:01,681:INFO:Initializing plot_model()
2024-03-06 09:38:01,681:INFO:plot_model(self=<pycaret.regression.oop.RegressionExperiment object at 0x00000231EA0D0BD0>, estimator=ExtraTreesRegressor(n_jobs=-1, random_state=123), plot=error, scale=1, save=False, fold=KFold(n_splits=10, random_state=None, shuffle=False), fit_kwargs={}, plot_kwargs=None, groups=None, feature_name=None, label=False, verbose=False, system=True, display=None, display_format=None)
2024-03-06 09:38:01,681:INFO:Checking exceptions
2024-03-06 09:38:01,721:INFO:Preloading libraries
2024-03-06 09:38:01,745:INFO:Copying training dataset
2024-03-06 09:38:01,746:INFO:Plot type: error
2024-03-06 09:38:01,854:INFO:Fitting Model
2024-03-06 09:38:01,854:WARNING:c:\Users\HP\Desktop\code\code\PM2.5\venv\Lib\site-packages\sklearn\base.py:493: UserWarning: X does not have valid feature names, but ExtraTreesRegressor was fitted with feature names
  warnings.warn(

2024-03-06 09:38:01,854:INFO:Scoring test/hold-out set
2024-03-06 09:38:02,139:INFO:Visual Rendered Successfully
2024-03-06 09:38:02,239:INFO:plot_model() successfully completed......................................
2024-03-06 09:38:06,281:INFO:Initializing plot_model()
2024-03-06 09:38:06,281:INFO:plot_model(self=<pycaret.regression.oop.RegressionExperiment object at 0x00000231EA0D0BD0>, estimator=ExtraTreesRegressor(n_jobs=-1, random_state=123), plot=cooks, scale=1, save=False, fold=KFold(n_splits=10, random_state=None, shuffle=False), fit_kwargs={}, plot_kwargs=None, groups=None, feature_name=None, label=False, verbose=False, system=True, display=None, display_format=None)
2024-03-06 09:38:06,282:INFO:Checking exceptions
2024-03-06 09:38:06,323:INFO:Preloading libraries
2024-03-06 09:38:06,346:INFO:Copying training dataset
2024-03-06 09:38:06,346:INFO:Plot type: cooks
2024-03-06 09:38:06,443:INFO:Fitting Model
2024-03-06 09:38:06,720:INFO:Visual Rendered Successfully
2024-03-06 09:38:06,817:INFO:plot_model() successfully completed......................................
2024-03-06 09:38:23,672:INFO:Initializing plot_model()
2024-03-06 09:38:23,673:INFO:plot_model(self=<pycaret.regression.oop.RegressionExperiment object at 0x00000231EA0D0BD0>, estimator=ExtraTreesRegressor(n_jobs=-1, random_state=123), plot=rfe, scale=1, save=False, fold=KFold(n_splits=10, random_state=None, shuffle=False), fit_kwargs={}, plot_kwargs=None, groups=None, feature_name=None, label=False, verbose=False, system=True, display=None, display_format=None)
2024-03-06 09:38:23,673:INFO:Checking exceptions
2024-03-06 09:38:23,712:INFO:Preloading libraries
2024-03-06 09:38:23,736:INFO:Copying training dataset
2024-03-06 09:38:23,736:INFO:Plot type: rfe
2024-03-06 09:38:23,854:INFO:Fitting Model
